<?xml version="1.0" encoding="UTF-8"?>
<testng-results total="5" passed="4" failed="1" skipped="0">
  <reporter-output>
  </reporter-output>
  <suite started-at="2020-12-17T15:29:17Z" name="All Test Suite" finished-at="2020-12-17T15:29:38Z" duration-ms="21785">
    <groups>
    </groups>
    <test started-at="2020-12-17T15:29:17Z" name="Login page test" finished-at="2020-12-17T15:29:37Z" duration-ms="20022">
      <class name="Academy.LoginPageTest">
        <test-method is-config="true" signature="setDriver()[pri:0, instance:Academy.LoginPageTest@6cea706c]" started-at="2020-12-17T21:29:17Z" name="setDriver" finished-at="2020-12-17T21:29:20Z" duration-ms="3641" status="PASS">
          <reporter-output>
          </reporter-output>
        </test-method> <!-- setDriver -->
        <test-method signature="login()[pri:0, instance:Academy.LoginPageTest@6cea706c]" started-at="2020-12-17T21:29:20Z" name="login" finished-at="2020-12-17T21:29:36Z" duration-ms="16329" status="PASS">
          <reporter-output>
          </reporter-output>
        </test-method> <!-- login -->
        <test-method is-config="true" signature="tearDown()[pri:0, instance:Academy.LoginPageTest@6cea706c]" started-at="2020-12-17T21:29:36Z" name="tearDown" finished-at="2020-12-17T21:29:37Z" duration-ms="41" status="PASS">
          <reporter-output>
          </reporter-output>
        </test-method> <!-- tearDown -->
      </class> <!-- Academy.LoginPageTest -->
    </test> <!-- Login page test -->
    <test started-at="2020-12-17T15:29:17Z" name="Home page test" finished-at="2020-12-17T15:29:38Z" duration-ms="21785">
      <class name="Academy.HomePageTest">
        <test-method is-config="true" signature="setDriver()[pri:0, instance:Academy.HomePageTest@3bffddff]" started-at="2020-12-17T21:29:17Z" name="setDriver" finished-at="2020-12-17T21:29:20Z" duration-ms="3650" status="PASS">
          <reporter-output>
          </reporter-output>
        </test-method> <!-- setDriver -->
        <test-method signature="basePageNavigation()[pri:0, instance:Academy.HomePageTest@3bffddff]" started-at="2020-12-17T21:29:20Z" name="basePageNavigation" finished-at="2020-12-17T21:29:30Z" duration-ms="9452" status="PASS">
          <reporter-output>
          </reporter-output>
        </test-method> <!-- basePageNavigation -->
        <test-method signature="loginButtonCheck()[pri:0, instance:Academy.HomePageTest@3bffddff]" started-at="2020-12-17T21:29:30Z" name="loginButtonCheck" finished-at="2020-12-17T21:29:36Z" duration-ms="6851" status="PASS">
          <reporter-output>
          </reporter-output>
        </test-method> <!-- loginButtonCheck -->
        <test-method signature="titleCheck()[pri:0, instance:Academy.HomePageTest@3bffddff]" started-at="2020-12-17T21:29:36Z" name="titleCheck" finished-at="2020-12-17T21:29:37Z" duration-ms="986" status="FAIL">
          <exception class="java.lang.AssertionError">
            <message>
              <![CDATA[expected [Featured Courses123] but found [Featured Courses]]]>
            </message>
            <full-stacktrace>
              <![CDATA[java.lang.AssertionError: expected [Featured Courses123] but found [Featured Courses]
	at org.testng.Assert.fail(Assert.java:94)
	at org.testng.Assert.failNotEquals(Assert.java:494)
	at org.testng.Assert.assertEquals(Assert.java:123)
	at org.testng.Assert.assertEquals(Assert.java:176)
	at org.testng.Assert.assertEquals(Assert.java:186)
	at Academy.HomePageTest.titleCheck(HomePageTest.java:55)
	at java.base/jdk.internal.reflect.NativeMethodAccessorImpl.invoke0(Native Method)
	at java.base/jdk.internal.reflect.NativeMethodAccessorImpl.invoke(NativeMethodAccessorImpl.java:62)
	at java.base/jdk.internal.reflect.DelegatingMethodAccessorImpl.invoke(DelegatingMethodAccessorImpl.java:43)
	at java.base/java.lang.reflect.Method.invoke(Method.java:566)
	at org.testng.internal.MethodInvocationHelper.invokeMethod(MethodInvocationHelper.java:80)
	at org.testng.internal.Invoker.invokeMethod(Invoker.java:714)
	at org.testng.internal.Invoker.invokeTestMethod(Invoker.java:901)
	at org.testng.internal.Invoker.invokeTestMethods(Invoker.java:1231)
	at org.testng.internal.TestMethodWorker.invokeTestMethods(TestMethodWorker.java:127)
	at org.testng.internal.TestMethodWorker.run(TestMethodWorker.java:111)
	at org.testng.TestRunner.privateRun(TestRunner.java:767)
	at org.testng.TestRunner.run(TestRunner.java:617)
	at org.testng.SuiteRunner.runTest(SuiteRunner.java:334)
	at org.testng.SuiteRunner.access$000(SuiteRunner.java:37)
	at org.testng.SuiteRunner$SuiteWorker.run(SuiteRunner.java:368)
	at org.testng.internal.thread.ThreadUtil$2.call(ThreadUtil.java:64)
	at java.base/java.util.concurrent.FutureTask.run(FutureTask.java:264)
	at java.base/java.util.concurrent.ThreadPoolExecutor.runWorker(ThreadPoolExecutor.java:1128)
	at java.base/java.util.concurrent.ThreadPoolExecutor$Worker.run(ThreadPoolExecutor.java:628)
	at java.base/java.lang.Thread.run(Thread.java:834)
]]>
            </full-stacktrace>
          </exception> <!-- java.lang.AssertionError -->
          <reporter-output>
          </reporter-output>
        </test-method> <!-- titleCheck -->
        <test-method signature="navbarCheck()[pri:0, instance:Academy.HomePageTest@3bffddff]" started-at="2020-12-17T21:29:38Z" name="navbarCheck" finished-at="2020-12-17T21:29:38Z" duration-ms="380" status="PASS">
          <reporter-output>
          </reporter-output>
        </test-method> <!-- navbarCheck -->
        <test-method is-config="true" signature="teardown()[pri:0, instance:Academy.HomePageTest@3bffddff]" started-at="2020-12-17T21:29:38Z" name="teardown" finished-at="2020-12-17T21:29:38Z" duration-ms="24" status="PASS">
          <reporter-output>
          </reporter-output>
        </test-method> <!-- teardown -->
      </class> <!-- Academy.HomePageTest -->
    </test> <!-- Home page test -->
  </suite> <!-- All Test Suite -->
</testng-results>
